[2024-04-07T10:47:12.515172700] MENU 'Menu Principal' OPCION: Gestion de incidencias
[2024-04-07T10:47:13.426460] MENU 'Menú Incidencias' OPCION: Añadir Incidencias
[2024-04-07T10:47:29.587471900] MENU 'Menu Principal' OPCION: Gestion de incidencias
[2024-04-07T10:47:30.278752200] MENU 'Menú Incidencias' OPCION: Añadir Incidencias
[2024-04-07T10:51:04.535753400] MENU 'Menu Principal' OPCION: Gestion de incidencias
[2024-04-07T10:51:05.273839900] MENU 'Menú Incidencias' OPCION: Añadir Incidencias
[2024-04-07T10:58:05.308034600] MENU 'Menu Principal' OPCION: Gestion de incidencias
[2024-04-07T10:58:06.008731700] MENU 'Menú Incidencias' OPCION: Añadir Incidencias
[2024-04-07T11:30:52.529135100] MENU 'Menu Principal' OPCION: Gestion de incidencias
[2024-04-07T11:30:53.532046200] MENU 'Menú Incidencias' OPCION: Añadir Incidencias
[2024-04-07T11:33:32.130422500] MENU 'Menu Principal' OPCION: Gestion de incidencias
[2024-04-07T11:33:40.001954200] MENU 'Menú Incidencias' OPCION: Añadir Incidencias
[2024-04-07T11:34:53.884469600] MENU 'Menu Principal' OPCION: Gestion de incidencias
[2024-04-07T11:34:55.990338100] MENU 'Menú Incidencias' OPCION: Añadir Incidencias
[2024-04-07T11:35:47.417404800] MENU 'Menu Principal' OPCION: Gestion de incidencias
[2024-04-07T11:35:48.560631900] MENU 'Menú Incidencias' OPCION: Añadir Incidencias
[2024-04-07T11:42:05.287913200] MENU 'Menu Principal' OPCION: Gestion de incidencias
[2024-04-07T11:42:05.958524400] MENU 'Menú Incidencias' OPCION: Añadir Incidencias
[2024-04-07T11:42:43.890631100] MENU 'Menu Principal' OPCION: Iniciar sesion
[2024-04-07T11:42:48.742356600] MENU 'Menu Principal' OPCION: Gestion de incidencias
[2024-04-07T11:42:50.133655100] MENU 'Menú Incidencias' OPCION: Añadir Incidencias
[2024-04-07T11:43:43.800537] MENU 'Menu Principal' OPCION: Gestion de incidencias
[2024-04-07T11:43:45.214997500] MENU 'Menú Incidencias' OPCION: Añadir Incidencias
[2024-04-07T11:43:56.534444300] MENU 'Menú Incidencias' OPCION: Listar Incidencias
[2024-04-07T11:44:07.350414200] MENU 'Menú Incidencias' OPCION: Salió de la aplicación
[2024-04-07T11:44:26.627371600] MENU 'Menu Principal' OPCION: Gestion de incidencias
[2024-04-07T11:44:27.023324200] MENU 'Menú Incidencias' OPCION: Añadir Incidencias
[2024-04-07T11:47:11.442558800] MENU 'Menu Principal' OPCION: Gestion de incidencias
[2024-04-07T11:47:14.862543200] MENU 'Menú Incidencias' OPCION: Añadir Incidencias
[2024-04-07T11:51:42.821173200] MENU 'Menu Principal' OPCION: Iniciar sesion
[2024-04-07T11:51:46.534260500] MENU 'Menu Principal' OPCION: Gestion de incidencias
[2024-04-07T11:51:48.391254700] MENU 'Menú Incidencias' OPCION: Añadir Incidencias
[2024-04-07T11:51:54.814524900] MENU 'Menú Incidencias' OPCION: Listar Incidencias
[2024-04-07T11:54:23.602127800] MENU 'Menu Principal' OPCION: Iniciar sesion
[2024-04-07T11:54:27.407281100] MENU 'Menu Principal' OPCION: Gestion de incidencias
[2024-04-07T11:54:30.318989900] MENU 'Menú Incidencias' OPCION: Añadir Incidencias
[2024-04-07T11:54:40.918303600] MENU 'Menú Incidencias' OPCION: Listar Incidencias
[2024-04-07T11:59:53.105898700] MENU 'Menu Principal' OPCION: Gestion de incidencias
[2024-04-07T11:59:53.671140600] MENU 'Menú Incidencias' OPCION: Añadir Incidencias
[2024-04-07T12:00:05.895224900] MENU 'Menú Incidencias' OPCION: Listar Incidencias
[2024-04-07T12:31:21.409400800] MENU 'Menu Principal' OPCION: Gestion de incidencias
[2024-04-07T12:31:22.743820700] MENU 'Menú Incidencias' OPCION: Listar Incidencias
[2024-04-07T12:37:49.643457100] MENU 'Menu Principal' OPCION: Gestion de incidencias
[2024-04-07T12:37:51.927585] MENU 'Menú Incidencias' OPCION: Añadir Incidencias
[2024-04-07T12:37:56.489172400] MENU 'Menú Incidencias' OPCION: Listar Incidencias
[2024-04-07T12:38:44.325158600] MENU 'Menu Principal' OPCION: Gestion de incidencias
[2024-04-07T12:38:45.649134500] MENU 'Menú Incidencias' OPCION: Listar Incidencias
[2024-04-07T12:40:10.341711700] MENU 'Menu Principal' OPCION: Gestion de incidencias
[2024-04-07T12:40:11.664482700] MENU 'Menú Incidencias' OPCION: Listar Incidencias
[2024-04-07T12:40:36.372508300] MENU 'Menu Principal' OPCION: Iniciar sesion
[2024-04-07T12:40:40.544252900] MENU 'Menu Alumno' OPCION: Ver nota
[2024-04-07T12:40:41.598668100] MENU 'Menu Alumno' OPCION: Recomendar tarea
[2024-04-07T12:40:42.880092200] MENU 'Menu Alumno' OPCION: Consultar tareas pendientes
[2024-04-07T12:40:43.960754700] MENU 'Menu Alumno' OPCION: Entregar tarea
[2024-04-07T12:40:51.928316400] MENU 'Menu Alumno' OPCION: Salir del menu
[2024-04-07T12:40:53.639694700] MENU 'Menu Principal' OPCION: Iniciar sesion
[2024-04-07T12:40:58.535902300] MENU 'Menu Administrador' OPCION: Mostrar usuarios registrados
[2024-04-07T12:41:02.297212600] MENU 'Menu Administrador' OPCION: Crear un usuario
[2024-04-07T12:41:38.976302100] MENU 'Menu Administrador' OPCION: Mostrar usuarios registrados
[2024-04-07T12:41:40.160683100] MENU 'Menu Administrador' OPCION: Salir del menu
[2024-04-07T12:41:40.903795900] MENU 'Menu Principal' OPCION: Salir
