[2024-05-05T12:54:34.016738] MENU 'Menu Principal' OPCION: Iniciar sesion
[2024-05-05T12:54:42.063578100] MENU 'Menu Profesores' OPCION: Ver listado de temas
[2024-05-05T13:21:36.748474300] MENU 'Menu Principal' OPCION: Iniciar sesion
[2024-05-05T13:21:44.422929200] MENU 'Menu Profesores' OPCION: Ver listado de temas
[2024-05-05T13:28:08.857922300] MENU 'Menu Principal' OPCION: Iniciar sesion
[2024-05-05T13:28:15.648017600] MENU 'Menu Profesores' OPCION: Ver listado de temas
[2024-05-05T13:28:16.519717500] MENU 'Menu Profesores' OPCION: Ver listado de temas
[2024-05-05T13:28:17.135121500] MENU 'Menu Profesores' OPCION: Ver listado de temas
[2024-05-05T13:28:17.952635500] MENU 'Menu Profesores' OPCION: Ver lista de alumnos
[2024-05-05T13:28:21.142923400] MENU 'Menu Profesores' OPCION: Modificar nota de alumno
[2024-05-05T13:34:44.287622100] MENU 'Menu Principal' OPCION: Iniciar sesion
[2024-05-05T13:34:50.999823300] MENU 'Menu Profesores' OPCION: Ver listado de temas
[2024-05-05T13:34:59.639814200] MENU 'Menu Profesores' OPCION: Ver listado de temas
[2024-05-05T13:42:01.409889200] MENU 'Menu Principal' OPCION: Iniciar sesion
[2024-05-05T13:42:07.511657200] MENU 'Menu Profesores' OPCION: Ver listado de temas
[2024-05-05T13:48:40.167028300] MENU 'Menu Principal' OPCION: Iniciar sesion
[2024-05-05T13:48:45.496250300] MENU 'Menu Profesores' OPCION: Ver listado de temas
[2024-05-05T14:04:17.917568300] MENU 'Menu Principal' OPCION: Iniciar sesion
[2024-05-05T14:04:23.879748700] MENU 'Menu Profesores' OPCION: Ver listado de temas
[2024-05-05T14:14:24.584588700] MENU 'Menu Principal' OPCION: Iniciar sesion
[2024-05-05T14:14:28.721058400] MENU 'Menu Profesores' OPCION: Ver listado de temas
[2024-05-05T14:16:46.685980200] MENU 'Menu Principal' OPCION: Iniciar sesion
[2024-05-05T14:16:53.113718800] MENU 'Menu Profesores' OPCION: Ver listado de temas
[2024-05-05T14:26:09.610364900] MENU 'Menu Principal' OPCION: Iniciar sesion
[2024-05-05T14:26:14.122479300] MENU 'Menu Profesores' OPCION: Ver listado de temas
[2024-05-05T14:55:59.154195800] MENU 'Menu Principal' OPCION: Iniciar sesion
[2024-05-05T14:56:04.067223] MENU 'Menu Profesores' OPCION: Ver listado de temas
[2024-05-05T15:06:13.715593900] MENU 'Menu Principal' OPCION: Iniciar sesion
[2024-05-05T15:06:19.642070] MENU 'Menu Profesores' OPCION: Ver listado de temas
[2024-05-05T15:06:33.057961700] MENU 'Menu Profesores' OPCION: Ver listado de temas
[2024-05-05T15:08:21.568263900] MENU 'Menu Principal' OPCION: Iniciar sesion
[2024-05-05T15:08:26.353390] MENU 'Menu Profesores' OPCION: Ver listado de temas
[2024-05-05T15:09:03.140861200] MENU 'Menu Principal' OPCION: Iniciar sesion
[2024-05-05T15:09:08.313687500] MENU 'Menu Profesores' OPCION: Ver listado de temas
[2024-05-05T15:10:50.483567800] MENU 'Menu Principal' OPCION: Iniciar sesion
[2024-05-05T15:10:55.250303300] MENU 'Menu Profesores' OPCION: Ver listado de temas
[2024-05-05T15:13:21.819235600] MENU 'Menu Principal' OPCION: Iniciar sesion
[2024-05-05T15:13:26.417960300] MENU 'Menu Profesores' OPCION: Ver listado de temas
[2024-05-05T15:15:14.444937] MENU 'Menu Principal' OPCION: Iniciar sesion
[2024-05-05T15:15:19.817848200] MENU 'Menu Profesores' OPCION: Ver listado de temas
[2024-05-05T19:19:34.637583800] MENU 'Menu Profesores' OPCION: Salir del menu
[2024-05-05T19:19:37.256025600] MENU 'Menu Principal' OPCION: Salir
