[2024-05-22 17:11:43] MENU 'Menu Principal' OPCION: Iniciar sesion
[2024-05-22 17:13:05] MENU 'Menu Alumnos' OPCION: Menu incidencias
[2024-05-22 17:13:07] MENU 'Menu Alumnos' OPCION: Ver incidencias
[2024-05-22 17:13:35] MENU 'Menu Alumnos' OPCION: Salir del menu
[2024-05-22 17:13:37] MENU 'Menu Alumnos' OPCION: Salir del menu
[2024-05-22 17:13:37] MENU 'Menu Principal' OPCION: Iniciar sesion
[2024-05-22 17:13:53] MENU 'Menu Alumnos' OPCION: Menu incidencias
[2024-05-22 17:13:55] MENU 'Menu Alumnos' OPCION: Ver incidencias
[2024-05-22 17:13:57] MENU 'Menu Alumnos' OPCION: Crear incidencia
[2024-05-22 17:14:05] MENU 'Menu Incidencias' OPCION: Crear Incidencias de Alumno
[2024-05-22 17:14:08] MENU 'Menu Alumnos' OPCION: Ver incidencias
[2024-05-22 17:14:09] MENU 'Menu Alumnos' OPCION: Salir del menu
[2024-05-22 17:14:10] MENU 'Menu Alumnos' OPCION: Menu incidencias
[2024-05-22 17:14:11] MENU 'Menu Alumnos' OPCION: Ver incidencias
[2024-05-22 17:14:32] MENU 'Menu Alumnos' OPCION: Ver incidencias
[2024-05-22 17:14:54] MENU 'Menu Alumnos' OPCION: Salir del menu
[2024-05-22 17:14:57] MENU 'Menu Alumnos' OPCION: Menu incidencias
[2024-05-22 17:14:57] MENU 'Menu Alumnos' OPCION: Ver incidencias
[2024-05-22 17:31:36] MENU 'Menu Principal' OPCION: Iniciar sesion
[2024-05-22 17:31:44] MENU 'Menu Profesores' OPCION: Menu incidencias
[2024-05-22 17:31:46] MENU 'Menu Incidencias' OPCION: Mostrar incidencias
[2024-05-22 17:31:48] MENU 'Menu Incidencias' OPCION: Crear incidencia
[2024-05-22 17:31:53] MENU 'Menu Incidencias' OPCION: Crear Incidencias de Profesor
[2024-05-22 17:31:55] MENU 'Menu Incidencias' OPCION: Mostrar incidencias
[2024-05-22 17:31:59] MENU 'Menu Incidencias' OPCION: Mostrar incidencias
[2024-05-22 17:31:59] MENU 'Menu Incidencias' OPCION: Salir del menu
[2024-05-22 17:32:01] MENU 'Menu Profesores' OPCION: Menu incidencias
[2024-05-22 17:32:02] MENU 'Menu Incidencias' OPCION: Mostrar incidencias
[2024-05-22 17:38:16] MENU 'Menu Principal' OPCION: Iniciar sesion
[2024-05-22 17:38:22] MENU 'Menu Administradores' OPCION: Menu incidencias
[2024-05-22 17:38:23] MENU 'Menu Incidencias' OPCION: Mostrar incidencias
[2024-05-22 17:38:56] MENU 'Menu Incidencias' OPCION: Salir del menu
[2024-05-22 17:38:58] MENU 'Menu Administradores' OPCION: Salir del menu
[2024-05-22 17:38:59] MENU 'Menu Principal' OPCION: Iniciar sesion
[2024-05-22 17:39:05] MENU 'Menu Alumnos' OPCION: Menu incidencias
[2024-05-22 17:39:06] MENU 'Menu Alumnos' OPCION: Ver incidencias
[2024-05-22 17:39:07] MENU 'Menu Alumnos' OPCION: Crear incidencia
[2024-05-22 17:39:20] MENU 'Menu Incidencias' OPCION: Crear Incidencias de Alumno
[2024-05-22 17:39:22] MENU 'Menu Alumnos' OPCION: Ver incidencias
[2024-05-22 17:39:25] MENU 'Menu Alumnos' OPCION: Salir del menu
[2024-05-22 17:39:27] MENU 'Menu Alumnos' OPCION: Menu incidencias
[2024-05-22 17:39:28] MENU 'Menu Alumnos' OPCION: Ver incidencias
[2024-05-22 17:39:32] MENU 'Menu Alumnos' OPCION: Salir del menu
[2024-05-22 17:39:34] MENU 'Menu Alumnos' OPCION: Salir del menu
[2024-05-22 17:39:35] MENU 'Menu Principal' OPCION: Salir
[2024-05-22 18:56:47] MENU 'Menu Principal' OPCION: Iniciar sesion
[2024-05-22 18:57:01] MENU 'Menu Profesores' OPCION: Menu incidencias
[2024-05-22 18:57:03] MENU 'Menu Incidencias' OPCION: Mostrar incidencias
[2024-05-22 18:57:08] MENU 'Menu Incidencias' OPCION: Crear incidencia
[2024-05-22 18:57:31] MENU 'Menu Incidencias' OPCION: Crear Incidencias de Aplicacion
[2024-05-22 18:57:33] MENU 'Menu Incidencias' OPCION: Salir del menu
[2024-05-22 18:57:35] MENU 'Menu Profesores' OPCION: Salir del menu
[2024-05-22 18:57:36] MENU 'Menu Principal' OPCION: Iniciar sesion
[2024-05-22 18:57:40] MENU 'Menu Administradores' OPCION: Menu incidencias
[2024-05-22 18:57:41] MENU 'Menu Incidencias' OPCION: Mostrar incidencias
[2024-05-22 18:57:50] MENU 'Menu Incidencias' OPCION: Salir del menu
[2024-05-22 18:57:52] MENU 'Menu Administradores' OPCION: Salir del menu
[2024-05-22 18:57:54] MENU 'Menu Principal' OPCION: Salir
[2024-05-22 19:00:36] MENU 'Menu Principal' OPCION: Iniciar sesion
[2024-05-22 19:00:40] MENU 'Menu Alumnos' OPCION: Menu incidencias
[2024-05-22 19:00:43] MENU 'Menu Alumnos' OPCION: Ver incidencias
[2024-05-22 19:00:45] MENU 'Menu Alumnos' OPCION: Crear incidencia
