[2024-06-04 10:33:01] MENU 'Menu Principal' OPCION: Iniciar sesion
[2024-06-04 10:33:06] MENU 'Menu Administradores' OPCION: Menu incidencias
[2024-06-04 10:33:09] MENU 'Menu Incidencias' OPCION: Buscador de incidencias
[2024-06-04 10:35:37] MENU 'Menu Principal' OPCION: Iniciar sesion
[2024-06-04 10:35:45] MENU 'Menu Administradores' OPCION: Menu incidencias
[2024-06-04 10:35:49] MENU 'Menu Incidencias' OPCION: Buscador de incidencias
[2024-06-04 10:36:38] MENU 'Menu Incidencias' OPCION: Buscador de incidencias
[2024-06-04 10:41:18] MENU 'Menu Principal' OPCION: Iniciar sesion
[2024-06-04 10:41:26] MENU 'Menu Administradores' OPCION: Menu incidencias
[2024-06-04 10:41:27] MENU 'Menu Incidencias' OPCION: Buscador de incidencias
[2024-06-04 10:42:52] MENU 'Menu Principal' OPCION: Iniciar sesion
[2024-06-04 10:42:58] MENU 'Menu Administradores' OPCION: Menu incidencias
[2024-06-04 10:43:00] MENU 'Menu Incidencias' OPCION: Buscador de incidencias
[2024-06-04 10:44:58] MENU 'Menu Principal' OPCION: Iniciar sesion
[2024-06-04 10:45:06] MENU 'Menu Administradores' OPCION: Menu incidencias
[2024-06-04 10:45:08] MENU 'Menu Incidencias' OPCION: Buscador de incidencias
[2024-06-04 10:49:34] MENU 'Menu Principal' OPCION: Iniciar sesion
[2024-06-04 10:49:39] MENU 'Menu Administradores' OPCION: Menu incidencias
[2024-06-04 10:49:41] MENU 'Menu Incidencias' OPCION: Buscador de incidencias
[2024-06-04 10:49:53] MENU 'Menu Incidencias' OPCION: Salir del menu
[2024-06-04 10:49:55] MENU 'Menu Administradores' OPCION: Salir del menu
[2024-06-04 10:49:56] MENU 'Menu Principal' OPCION: Iniciar sesion
[2024-06-04 10:50:12] MENU 'Menu Alumnos' OPCION: Menu incidencias
[2024-06-04 10:50:41] MENU 'Menu Alumnos' OPCION: Crear incidencia
[2024-06-04 10:50:53] MENU 'Menu Incidencias' OPCION: Crear Incidencias de Alumno
[2024-06-04 10:50:56] MENU 'Menu Alumnos' OPCION: Crear incidencia
[2024-06-04 10:51:01] MENU 'Menu Incidencias' OPCION: Crear Incidencias de Alumno
[2024-06-04 10:51:04] MENU 'Menu Alumnos' OPCION: Crear incidencia
[2024-06-04 10:51:13] MENU 'Menu Incidencias' OPCION: Crear Incidencias de Alumno
[2024-06-04 10:51:15] MENU 'Menu Alumnos' OPCION: Crear incidencia
[2024-06-04 10:51:25] MENU 'Menu Incidencias' OPCION: Crear Incidencias de Alumno
[2024-06-04 10:51:27] MENU 'Menu Alumnos' OPCION: Salir del menu
[2024-06-04 10:51:28] MENU 'Menu Alumnos' OPCION: Salir del menu
[2024-06-04 10:51:30] MENU 'Menu Principal' OPCION: Iniciar sesion
[2024-06-04 10:51:35] MENU 'Menu Administradores' OPCION: Menu incidencias
[2024-06-04 10:51:38] MENU 'Menu Incidencias' OPCION: Buscador de incidencias
[2024-06-04 10:58:08] MENU 'Menu Principal' OPCION: Iniciar sesion
[2024-06-04 10:58:12] MENU 'Menu Administradores' OPCION: Menu incidencias
[2024-06-04 10:58:15] MENU 'Menu Incidencias' OPCION: Buscador de incidencias
[2024-06-04 11:10:40] MENU 'Menu Principal' OPCION: Iniciar sesion
[2024-06-04 11:10:44] MENU 'Menu Administradores' OPCION: Menu incidencias
[2024-06-04 11:10:47] MENU 'Menu Incidencias' OPCION: Mostrar Usuarios e Incidencias
[2024-06-04 11:14:15] MENU 'Menu Principal' OPCION: Iniciar sesion
[2024-06-04 11:14:19] MENU 'Menu Administradores' OPCION: Menu incidencias
[2024-06-04 11:14:21] MENU 'Menu Incidencias' OPCION: Mostrar Usuarios e Incidencias
