[2024-06-06 08:03:39] MENU 'Login' OPCION: Login
[2024-06-06 08:03:45] MENU 'Login' OPCION: Usuario logueado: Samuel
[2024-06-06 08:03:46] MENU 'Alumno' OPCION: Alumno logueado: Samuel
[2024-06-06 08:48:11] MENU 'Login' OPCION: Login
[2024-06-06 08:48:18] MENU 'Login' OPCION: Usuario logueado: Samuel
[2024-06-06 08:48:18] MENU 'Alumno' OPCION: Alumno logueado: Samuel
[2024-06-06 09:01:40] MENU 'Registro' OPCION: Registro
[2024-06-06 10:08:11] MENU 'Login' OPCION: Login
[2024-06-06 10:08:24] MENU 'Login' OPCION: Usuario logueado: Samuel
[2024-06-06 10:08:24] MENU 'Alumno' OPCION: Alumno logueado: Samuel
[2024-06-06 10:08:37] MENU 'Añadir Incidencia' OPCION: Incidencia añadida por el usuario con ID: 5
[2024-06-06 10:12:32] MENU 'Login' OPCION: Login
[2024-06-06 10:13:05] MENU 'Login' OPCION: Usuario logueado: Samuel
[2024-06-06 10:13:05] MENU 'Alumno' OPCION: Alumno logueado: Samuel
[2024-06-06 11:57:42] MENU 'Login' OPCION: Login
[2024-06-06 11:57:46] MENU 'Login' OPCION: Usuario logueado: Samuel
[2024-06-06 11:57:46] MENU 'Alumno' OPCION: Alumno logueado: Samuel
[2024-06-06 11:58:17] MENU 'Añadir Incidencia' OPCION: Incidencia añadida por el usuario con ID: 5
[2024-06-06 12:03:06] MENU 'Añadir Incidencia' OPCION: Incidencia añadida por el usuario con ID: 5
[2024-06-06 12:06:00] MENU 'Login' OPCION: Login
[2024-06-06 12:06:02] MENU 'Login' OPCION: Usuario logueado: Samuel
[2024-06-06 12:06:03] MENU 'Alumno' OPCION: Alumno logueado: Samuel
[2024-06-06 12:07:36] MENU 'Login' OPCION: Login
[2024-06-06 12:07:40] MENU 'Login' OPCION: Usuario logueado: Samuel
[2024-06-06 12:07:40] MENU 'Alumno' OPCION: Alumno logueado: Samuel
[2024-06-06 12:09:54] MENU 'Login' OPCION: Login
[2024-06-06 12:09:56] MENU 'Login' OPCION: Usuario logueado: Samuel
[2024-06-06 12:09:56] MENU 'Alumno' OPCION: Alumno logueado: Samuel
[2024-06-06 12:10:18] MENU 'Login' OPCION: Login
[2024-06-06 12:10:20] MENU 'Login' OPCION: Usuario logueado: Samuel
[2024-06-06 12:10:20] MENU 'Alumno' OPCION: Alumno logueado: Samuel
[2024-06-06 12:11:04] MENU 'Añadir Incidencia' OPCION: Incidencia añadida por el usuario con ID: 5
[2024-06-06 12:11:16] MENU 'Añadir Incidencia' OPCION: Incidencia añadida por el usuario con ID: 5
[2024-06-06 12:11:35] MENU 'Añadir Incidencia' OPCION: Incidencia añadida por el usuario con ID: 5
[2024-06-06 12:11:39] MENU 'Login' OPCION: Login
[2024-06-06 12:11:42] MENU 'Login' OPCION: Usuario logueado: Samuel
[2024-06-06 12:11:42] MENU 'Alumno' OPCION: Alumno logueado: Samuel
[2024-06-06 12:14:18] MENU 'Login' OPCION: Login
[2024-06-06 12:14:24] MENU 'Login' OPCION: Usuario logueado: Hugo
[2024-06-06 12:14:24] MENU 'Alumno' OPCION: Alumno logueado: Hugo
[2024-06-06 12:14:42] MENU 'Añadir Incidencia' OPCION: Incidencia añadida por el usuario con ID: 7
[2024-06-06 12:16:19] MENU 'Login' OPCION: Login
[2024-06-06 12:16:22] MENU 'Login' OPCION: Usuario logueado: Samuel
[2024-06-06 12:16:22] MENU 'Alumno' OPCION: Alumno logueado: Samuel
[2024-06-06 12:16:31] MENU 'Añadir Incidencia' OPCION: Incidencia añadida por el usuario con ID: 5
[2024-06-06 12:16:57] MENU 'Login' OPCION: Login
[2024-06-06 12:17:04] MENU 'Login' OPCION: Usuario logueado: Hugo
[2024-06-06 12:17:04] MENU 'Alumno' OPCION: Alumno logueado: Hugo
[2024-06-06 12:17:16] MENU 'Añadir Incidencia' OPCION: Incidencia añadida por el usuario con ID: 7
[2024-06-06 12:17:28] MENU 'Login' OPCION: Login
[2024-06-06 12:17:35] MENU 'Login' OPCION: Usuario logueado: Hugo
[2024-06-06 12:17:35] MENU 'Alumno' OPCION: Alumno logueado: Hugo
[2024-06-06 12:17:51] MENU 'Login' OPCION: Login
[2024-06-06 12:17:54] MENU 'Login' OPCION: Usuario logueado: Samuel
[2024-06-06 12:17:54] MENU 'Alumno' OPCION: Alumno logueado: Samuel
[2024-06-06 12:18:24] MENU 'Añadir Incidencia' OPCION: Incidencia añadida por el usuario con ID: 5
[2024-06-06 12:24:35] MENU 'Login' OPCION: Login
[2024-06-06 12:24:38] MENU 'Login' OPCION: Usuario logueado: Samuel
[2024-06-06 12:24:38] MENU 'Alumno' OPCION: Alumno logueado: Samuel
[2024-06-06 12:24:48] MENU 'Añadir Incidencia' OPCION: Incidencia añadida por el usuario con ID: 5
[2024-06-06 12:25:01] MENU 'Login' OPCION: Login
[2024-06-06 12:25:07] MENU 'Login' OPCION: Usuario logueado: Hugo
[2024-06-06 12:25:07] MENU 'Alumno' OPCION: Alumno logueado: Hugo
[2024-06-06 12:26:28] MENU 'Login' OPCION: Login
[2024-06-06 12:26:32] MENU 'Login' OPCION: Usuario logueado: Samuel
[2024-06-06 12:26:32] MENU 'Alumno' OPCION: Alumno logueado: Samuel
[2024-06-06 12:28:02] MENU 'Entregar Tarea' OPCION: Tarea entregada por el alumno con ID: 5
[2024-06-06 12:28:02] MENU 'Alumno' OPCION: Alumno logueado: Samuel
[2024-06-06 12:30:13] MENU 'Alumno' OPCION: Alumno logueado: Samuel
[2024-06-06 12:30:15] MENU 'Alumno' OPCION: Alumno logueado: Samuel
[2024-06-06 12:30:19] MENU 'Alumno' OPCION: Alumno logueado: Samuel
[2024-06-06 12:30:28] MENU 'Login' OPCION: Login
[2024-06-06 12:30:34] MENU 'Login' OPCION: Usuario logueado: Guillamon
[2024-06-06 12:30:34] MENU 'Profesor' OPCION: Profesor logueado: Guillamon
[2024-06-06 12:30:39] MENU 'Profesor' OPCION: Profesor logueado: Guillamon
[2024-06-06 12:31:03] MENU 'Añadir Incidencia' OPCION: Incidencia añadida por el usuario con ID: 1
[2024-06-06 12:31:09] MENU 'Profesor' OPCION: Profesor logueado: Guillamon
[2024-06-06 12:32:18] MENU 'Cambiar Nota' OPCION: Nota cambiada al alumno con ID: 15
[2024-06-06 12:32:18] MENU 'Profesor' OPCION: Profesor logueado: Guillamon
[2024-06-06 12:33:25] MENU 'Login' OPCION: Login
[2024-06-06 12:38:56] MENU 'Login' OPCION: Usuario logueado: Samuel
[2024-06-06 12:38:56] MENU 'Alumno' OPCION: Alumno logueado: Samuel
[2024-06-06 12:46:17] MENU 'Alumno' OPCION: Alumno logueado: Samuel
[2024-06-06 12:46:36] MENU 'Login' OPCION: Login
[2024-06-06 12:46:40] MENU 'Login' OPCION: Usuario logueado: Guillamon
[2024-06-06 12:46:40] MENU 'Profesor' OPCION: Profesor logueado: Guillamon
[2024-06-06 12:46:51] MENU 'Asignar Tarea' OPCION: Tarea asignada a todos los alumnos
[2024-06-06 12:46:51] MENU 'Profesor' OPCION: Profesor logueado: Guillamon
[2024-06-06 12:46:52] MENU 'Login' OPCION: Login
[2024-06-06 12:46:55] MENU 'Login' OPCION: Usuario logueado: Samuel
[2024-06-06 12:46:55] MENU 'Alumno' OPCION: Alumno logueado: Samuel
[2024-06-06 12:49:05] MENU 'Login' OPCION: Login
[2024-06-06 12:49:12] MENU 'Login' OPCION: Usuario logueado: Guillamon
[2024-06-06 12:49:12] MENU 'Profesor' OPCION: Profesor logueado: Guillamon
[2024-06-06 13:23:20] MENU 'Login' OPCION: Login
[2024-06-06 13:27:37] MENU 'Login' OPCION: Usuario logueado: Guillamon
[2024-06-06 13:27:37] MENU 'Profesor' OPCION: Profesor logueado: Guillamon
[2024-06-06 13:27:45] MENU 'Profesor' OPCION: Profesor logueado: Guillamon
[2024-06-06 13:27:47] MENU 'Incidencias' OPCION: IncidenciasGuillamon
