[2024-05-10 20:29:42] MENU 'Menu Principal' OPCION: Iniciar sesion
[2024-05-10 20:29:51] MENU 'Menu Profesores' OPCION: Salir del menu
[2024-05-10 20:29:52] MENU 'Menu Principal' OPCION: Salir
[2024-05-10 20:54:44] MENU 'Menu Principal' OPCION: Gestion de incidencias
[2024-05-10 20:54:46] MENU 'Menú Incidencias' OPCION: Añadir Incidencias
[2024-05-10 20:54:55] MENU 'Menú Incidencias' OPCION: Añadir Incidencias de Alumno
[2024-05-10 20:56:25] MENU 'Menu Principal' OPCION: Gestion de incidencias
[2024-05-10 20:56:26] MENU 'Menú Incidencias' OPCION: Añadir Incidencias
[2024-05-10 20:56:38] MENU 'Menú Incidencias' OPCION: Añadir Incidencias de Profesor
[2024-05-10 20:56:43] MENU 'Menú Incidencias' OPCION: Añadir Incidencias de Aplicacion
[2024-05-10 20:56:44] MENU 'Menú Incidencias' OPCION: Volver al menú principal
[2024-05-10 20:56:47] MENU 'Menú Incidencias' OPCION: Listar Incidencias
[2024-05-10 22:41:37] MENU 'Menu Principal' OPCION: Insertar usuario
[2024-05-10 22:49:36] MENU 'Menu Principal' OPCION: Insertar usuario
[2024-05-10 22:52:32] MENU 'Menu Principal' OPCION: Insertar usuario
[2024-05-10 22:54:43] MENU 'Menu Principal' OPCION: Insertar usuario
[2024-05-10 22:55:20] MENU 'Menu Principal' OPCION: Insertar usuario
[2024-05-10 22:56:06] MENU 'Menu Principal' OPCION: Insertar usuario
[2024-05-10 22:57:41] MENU 'Menu Principal' OPCION: Insertar usuario
[2024-05-10 22:59:10] MENU 'Menu Principal' OPCION: Insertar usuario
[2024-05-10 23:03:42] MENU 'Menu Principal' OPCION: Insertar usuario
[2024-05-10 23:07:12] MENU 'Menu Principal' OPCION: Insertar usuario
[2024-05-10 23:08:17] MENU 'Menu Principal' OPCION: Insertar usuario
[2024-05-10 23:10:00] MENU 'Menu Principal' OPCION: Insertar usuario
[2024-05-10 23:13:55] MENU 'Menu Principal' OPCION: Insertar usuario
[2024-05-10 23:20:29] MENU 'Menu Principal' OPCION: Insertar usuario
[2024-05-10 23:21:46] MENU 'Menu Principal' OPCION: Salir
[2024-05-10 23:30:30] MENU 'Menu Principal' OPCION: Insertar usuario
