[2024-05-26 15:07:52] MENU 'Menu Principal' OPCION: Iniciar sesion
[2024-05-26 15:07:59] MENU 'Menu Alumnos' OPCION: Menu incidencias
[2024-05-26 15:08:01] MENU 'Menu Alumnos' OPCION: Salir del menu
[2024-05-26 15:09:04] MENU 'Menu Principal' OPCION: Iniciar sesion
[2024-05-26 15:09:07] MENU 'Menu Principal' OPCION: Iniciar sesion
[2024-05-26 15:09:11] MENU 'Menu Alumnos' OPCION: Menu incidencias
[2024-05-26 15:41:55] MENU 'Menu Principal' OPCION: Iniciar sesion
[2024-05-26 15:41:59] MENU 'Menu Alumnos' OPCION: Menu incidencias
[2024-05-26 15:43:48] MENU 'Menu Principal' OPCION: Iniciar sesion
[2024-05-26 15:43:51] MENU 'Menu Alumnos' OPCION: Menu incidencias
[2024-05-26 15:45:03] MENU 'Menu Principal' OPCION: Iniciar sesion
[2024-05-26 15:45:07] MENU 'Menu Alumnos' OPCION: Menu incidencias
[2024-05-26 15:46:22] MENU 'Menu Principal' OPCION: Iniciar sesion
[2024-05-26 15:46:24] MENU 'Menu Alumnos' OPCION: Menu incidencias
[2024-05-26 15:49:37] MENU 'Menu Principal' OPCION: Iniciar sesion
[2024-05-26 15:49:43] MENU 'Menu Alumnos' OPCION: Menu incidencias
[2024-05-26 15:50:21] MENU 'Menu Principal' OPCION: Iniciar sesion
[2024-05-26 15:50:24] MENU 'Menu Alumnos' OPCION: Menu incidencias
[2024-05-26 15:50:55] MENU 'Menu Principal' OPCION: Iniciar sesion
[2024-05-26 15:50:58] MENU 'Menu Alumnos' OPCION: Menu incidencias
[2024-05-26 15:52:43] MENU 'Menu Principal' OPCION: Iniciar sesion
[2024-05-26 15:52:46] MENU 'Menu Alumnos' OPCION: Menu incidencias
[2024-05-26 15:54:16] MENU 'Menu Principal' OPCION: Iniciar sesion
[2024-05-26 15:54:19] MENU 'Menu Alumnos' OPCION: Menu incidencias
[2024-05-26 15:56:11] MENU 'Menu Principal' OPCION: Iniciar sesion
[2024-05-26 15:56:14] MENU 'Menu Alumnos' OPCION: Menu incidencias
[2024-05-26 15:56:51] MENU 'Menu Principal' OPCION: Iniciar sesion
[2024-05-26 15:56:53] MENU 'Menu Alumnos' OPCION: Menu incidencias
[2024-05-26 15:57:45] MENU 'Menu Alumnos' OPCION: Ver incidencias
[2024-05-26 15:58:08] MENU 'Menu Principal' OPCION: Iniciar sesion
[2024-05-26 15:58:10] MENU 'Menu Alumnos' OPCION: Menu incidencias
[2024-05-26 15:58:38] MENU 'Menu Principal' OPCION: Iniciar sesion
[2024-05-26 15:58:41] MENU 'Menu Alumnos' OPCION: Menu incidencias
[2024-05-26 16:00:07] MENU 'Menu Principal' OPCION: Iniciar sesion
[2024-05-26 16:00:10] MENU 'Menu Alumnos' OPCION: Menu incidencias
[2024-05-26 16:07:02] MENU 'Menu Principal' OPCION: Iniciar sesion
[2024-05-26 16:07:04] MENU 'Menu Alumnos' OPCION: Menu incidencias
[2024-05-26 16:07:30] MENU 'Menu Principal' OPCION: Iniciar sesion
[2024-05-26 16:07:33] MENU 'Menu Alumnos' OPCION: Menu incidencias
[2024-05-26 16:09:04] MENU 'Menu Principal' OPCION: Iniciar sesion
[2024-05-26 16:09:08] MENU 'Menu Alumnos' OPCION: Menu incidencias
[2024-05-26 16:09:59] MENU 'Menu Principal' OPCION: Iniciar sesion
[2024-05-26 16:10:01] MENU 'Menu Alumnos' OPCION: Menu incidencias
[2024-05-26 16:18:09] MENU 'Menu Principal' OPCION: Iniciar sesion
[2024-05-26 16:18:12] MENU 'Menu Alumnos' OPCION: Menu incidencias
[2024-05-26 16:18:14] MENU 'Menu Alumnos' OPCION: Crear incidencia
[2024-05-26 16:18:21] MENU 'Menu Incidencias' OPCION: Crear Incidencias de Alumno
[2024-05-26 16:18:23] MENU 'Menu Alumnos' OPCION: Salir del menu
[2024-05-26 16:18:24] MENU 'Menu Alumnos' OPCION: Salir del menu
[2024-05-26 16:18:25] MENU 'Menu Principal' OPCION: Iniciar sesion
[2024-05-26 16:18:29] MENU 'Menu Alumnos' OPCION: Menu incidencias
[2024-05-26 16:20:51] MENU 'Menu Principal' OPCION: Iniciar sesion
[2024-05-26 16:20:54] MENU 'Menu Alumnos' OPCION: Menu incidencias
[2024-05-26 16:55:13] MENU 'Menu Principal' OPCION: Iniciar sesion
[2024-05-26 16:55:17] MENU 'Menu Alumnos' OPCION: Menu incidencias
[2024-05-26 16:58:20] MENU 'Menu Principal' OPCION: Iniciar sesion
[2024-05-26 16:58:25] MENU 'Menu Principal' OPCION: Iniciar sesion
[2024-05-26 16:58:28] MENU 'Menu Alumnos' OPCION: Menu incidencias
[2024-05-26 16:59:25] MENU 'Menu Principal' OPCION: Iniciar sesion
[2024-05-26 16:59:29] MENU 'Menu Alumnos' OPCION: Menu incidencias
[2024-05-26 17:33:33] MENU 'Menu Principal' OPCION: Iniciar sesion
[2024-05-26 17:33:36] MENU 'Menu Administradores' OPCION: Menu incidencias
[2024-05-26 17:33:49] MENU 'Menu Principal' OPCION: Iniciar sesion
[2024-05-26 17:33:52] MENU 'Menu Administradores' OPCION: Menu incidencias
[2024-05-26 17:33:54] MENU 'Menu Incidencias' OPCION: Mostrar Usuarios e Incidencias
[2024-05-26 17:53:47] MENU 'Menu Principal' OPCION: Iniciar sesion
[2024-05-26 17:53:50] MENU 'Menu Administradores' OPCION: Menu incidencias
[2024-05-26 17:53:52] MENU 'Menu Incidencias' OPCION: Buscador de incidencias
[2024-05-26 18:13:31] MENU 'Menu Principal' OPCION: Iniciar sesion
[2024-05-26 18:13:38] MENU 'Menu Administradores' OPCION: Menu incidencias
[2024-05-26 18:13:40] MENU 'Menu Incidencias' OPCION: Buscador de incidencias
[2024-05-26 18:33:23] MENU 'Menu Principal' OPCION: Iniciar sesion
[2024-05-26 18:33:26] MENU 'Menu Administradores' OPCION: Menu incidencias
[2024-05-26 18:33:30] MENU 'Menu Incidencias' OPCION: Buscador de incidencias
[2024-05-26 18:35:11] MENU 'Menu Principal' OPCION: Iniciar sesion
[2024-05-26 18:35:18] MENU 'Menu Administradores' OPCION: Menu incidencias
[2024-05-26 18:35:19] MENU 'Menu Incidencias' OPCION: Buscador de incidencias
[2024-05-26 18:36:36] MENU 'Menu Principal' OPCION: Iniciar sesion
[2024-05-26 18:36:40] MENU 'Menu Administradores' OPCION: Menu incidencias
[2024-05-26 18:36:41] MENU 'Menu Incidencias' OPCION: Buscador de incidencias
[2024-05-26 18:38:06] MENU 'Menu Principal' OPCION: Iniciar sesion
[2024-05-26 18:38:10] MENU 'Menu Administradores' OPCION: Menu incidencias
[2024-05-26 18:38:13] MENU 'Menu Incidencias' OPCION: Mostrar Usuarios e Incidencias
[2024-05-26 18:38:44] MENU 'Menu Incidencias' OPCION: Borrar incidencia
[2024-05-26 18:39:02] MENU 'Menu Incidencias' OPCION: Mostrar Usuarios e Incidencias
[2024-05-26 18:39:10] MENU 'Menu Incidencias' OPCION: Salir del menu
[2024-05-26 18:39:12] MENU 'Menu Administradores' OPCION: Salir del menu
[2024-05-26 18:39:13] MENU 'Menu Principal' OPCION: Iniciar sesion
[2024-05-26 18:39:16] MENU 'Menu Administradores' OPCION: Menu incidencias
[2024-05-26 18:39:17] MENU 'Menu Incidencias' OPCION: Mostrar Usuarios e Incidencias
[2024-05-26 18:39:34] MENU 'Menu Principal' OPCION: Iniciar sesion
[2024-05-26 18:39:39] MENU 'Menu Administradores' OPCION: Menu incidencias
[2024-05-26 18:39:40] MENU 'Menu Incidencias' OPCION: Mostrar Usuarios e Incidencias
