[2024-05-15 08:14:27] MENU 'Menu Principal' OPCION: Iniciar sesion
[2024-05-15 08:14:40] MENU 'Menu Alumnos' OPCION: Entregar tarea bbdd
[2024-05-15 08:14:51] MENU 'Menu Principal' OPCION: Salir
[2024-05-15 08:18:28] MENU 'Menu Principal' OPCION: Iniciar sesion
[2024-05-15 08:18:34] MENU 'Menu Alumnos' OPCION: Entregar tarea bbdd
[2024-05-15 08:19:11] MENU 'Menu Alumnos' OPCION: Salir del menu
[2024-05-15 08:19:12] MENU 'Menu Principal' OPCION: Iniciar sesion
[2024-05-15 08:19:35] MENU 'Menu Alumnos' OPCION: Entregar tarea bbdd
[2024-05-15 08:19:55] MENU 'Menu Alumnos' OPCION: Salir del menu
[2024-05-15 08:19:56] MENU 'Menu Principal' OPCION: Salir
[2024-05-15 08:20:18] MENU 'Menu Principal' OPCION: Iniciar sesion
[2024-05-15 08:20:27] MENU 'Menu Alumnos' OPCION: Entregar tarea bbdd
[2024-05-15 08:20:37] MENU 'Menu Alumnos' OPCION: Salir del menu
[2024-05-15 08:20:38] MENU 'Menu Principal' OPCION: Salir
[2024-05-15 14:29:15] MENU 'Menu Principal' OPCION: Iniciar sesion
[2024-05-15 14:29:22] MENU 'Menu Alumnos' OPCION: Salir del menu
[2024-05-15 14:29:22] MENU 'Menu Principal' OPCION: Iniciar sesion
[2024-05-15 14:29:37] MENU 'Menu Profesores' OPCION: Agregar nueva tarea
[2024-05-15 15:35:58] MENU 'Menu Principal' OPCION: Iniciar sesion
[2024-05-15 15:36:06] MENU 'Menu Profesores' OPCION: Agregar nueva tarea
[2024-05-15 15:36:50] MENU 'Menu Profesores' OPCION: Salir del menu
[2024-05-15 15:36:51] MENU 'Menu Principal' OPCION: Salir
