[2024-05-14 08:18:20] MENU 'Menu Principal' OPCION: Salir
[2024-05-14 08:46:06] MENU 'Menu Principal' OPCION: Salir
[2024-05-14 08:59:48] MENU 'Menu Principal' OPCION: Iniciar sesion
[2024-05-14 09:00:02] MENU 'Menu Principal' OPCION: Iniciar sesion
[2024-05-14 09:00:18] MENU 'Menu Profesores' OPCION: Cambiar contraseña
[2024-05-14 09:01:33] MENU 'Menu Profesores' OPCION: Salir del menu
[2024-05-14 09:01:34] MENU 'Menu Principal' OPCION: Salir
[2024-05-14 10:14:35] MENU 'Menu Principal' OPCION: Iniciar sesion
[2024-05-14 10:14:43] MENU 'Menu Profesores' OPCION: Ver listado de temas
[2024-05-14 10:14:57] MENU 'Menu Profesores' OPCION: Ver listado de temas
[2024-05-14 10:15:38] MENU 'Menu Profesores' OPCION: Salir del menu
[2024-05-14 10:15:40] MENU 'Menu Principal' OPCION: Salir
[2024-05-14 21:52:29] MENU 'Menu Principal' OPCION: Iniciar sesion
[2024-05-14 21:52:38] MENU 'Menu Profesores' OPCION: Asignar tarea
[2024-05-14 21:56:59] MENU 'Menu Principal' OPCION: Iniciar sesion
[2024-05-14 21:57:07] MENU 'Menu Profesores' OPCION: Asignar tarea
[2024-05-14 22:00:10] MENU 'Menu Principal' OPCION: Iniciar sesion
[2024-05-14 22:00:15] MENU 'Menu Profesores' OPCION: Asignar tarea
[2024-05-14 22:04:10] MENU 'Menu Principal' OPCION: Iniciar sesion
[2024-05-14 22:04:16] MENU 'Menu Profesores' OPCION: Asignar tarea
[2024-05-14 22:09:29] MENU 'Menu Principal' OPCION: Iniciar sesion
[2024-05-14 22:10:12] MENU 'Menu Profesores' OPCION: Asignar tarea
[2024-05-14 22:17:58] MENU 'Menu Principal' OPCION: Iniciar sesion
[2024-05-14 22:18:45] MENU 'Menu Principal' OPCION: Iniciar sesion
[2024-05-14 22:18:54] MENU 'Menu Profesores' OPCION: Asignar tarea
[2024-05-14 22:20:07] MENU 'Menu Principal' OPCION: Iniciar sesion
[2024-05-14 22:20:12] MENU 'Menu Profesores' OPCION: Asignar tarea
[2024-05-14 22:21:07] MENU 'Menu Principal' OPCION: Iniciar sesion
[2024-05-14 22:21:13] MENU 'Menu Profesores' OPCION: Asignar tarea
[2024-05-14 22:22:31] MENU 'Menu Principal' OPCION: Iniciar sesion
[2024-05-14 22:22:35] MENU 'Menu Profesores' OPCION: Asignar tarea
[2024-05-14 22:29:55] MENU 'Menu Principal' OPCION: Iniciar sesion
[2024-05-14 22:30:03] MENU 'Menu Profesores' OPCION: Asignar tarea
[2024-05-14 22:50:00] MENU 'Menu Principal' OPCION: Iniciar sesion
[2024-05-14 22:50:08] MENU 'Menu Alumnos' OPCION: Entregar tarea bbdd
[2024-05-14 22:52:57] MENU 'Menu Principal' OPCION: Iniciar sesion
[2024-05-14 22:53:04] MENU 'Menu Alumnos' OPCION: Entregar tarea bbdd
[2024-05-14 22:53:15] MENU 'Menu Principal' OPCION: Iniciar sesion
[2024-05-14 22:54:02] MENU 'Menu Alumnos' OPCION: Entregar tarea bbdd
[2024-05-14 22:54:30] MENU 'Menu Principal' OPCION: Iniciar sesion
[2024-05-14 22:54:40] MENU 'Menu Principal' OPCION: Iniciar sesion
[2024-05-14 22:54:46] MENU 'Menu Alumnos' OPCION: Entregar tarea bbdd
[2024-05-14 23:01:35] MENU 'Menu Principal' OPCION: Iniciar sesion
[2024-05-14 23:01:40] MENU 'Menu Profesores' OPCION: Asignar tarea
[2024-05-14 23:02:25] MENU 'Menu Principal' OPCION: Iniciar sesion
[2024-05-14 23:02:32] MENU 'Menu Alumnos' OPCION: Entregar tarea bbdd
[2024-05-14 23:27:58] MENU 'Menu Principal' OPCION: Iniciar sesion
[2024-05-14 23:28:04] MENU 'Menu Alumnos' OPCION: Entregar tarea bbdd
[2024-05-14 23:28:38] MENU 'Menu Principal' OPCION: Iniciar sesion
[2024-05-14 23:29:10] MENU 'Menu Alumnos' OPCION: Entregar tarea bbdd
[2024-05-14 23:31:47] MENU 'Menu Principal' OPCION: Iniciar sesion
[2024-05-14 23:31:56] MENU 'Menu Alumnos' OPCION: Entregar tarea bbdd
[2024-05-14 23:32:01] MENU 'Menu Principal' OPCION: Iniciar sesion
[2024-05-14 23:32:07] MENU 'Menu Alumnos' OPCION: Entregar tarea bbdd
[2024-05-14 23:32:27] MENU 'Menu Principal' OPCION: Salir
