[2024-06-07 11:36:59] MENU 'Login' OPCION: Login
[2024-06-07 11:37:03] MENU 'Login' OPCION: Login
[2024-06-07 11:37:04] MENU 'Login' OPCION: Login
[2024-06-07 11:37:04] MENU 'Login' OPCION: Login
[2024-06-07 11:37:04] MENU 'Login' OPCION: Login
[2024-06-07 11:37:08] MENU 'Login' OPCION: Login
[2024-06-07 11:37:16] MENU 'Login' OPCION: Usuario logueado: Guillamon
[2024-06-07 11:37:16] MENU 'Profesor' OPCION: Profesor logueado: Guillamon
[2024-06-07 11:37:24] MENU 'Login' OPCION: Login
[2024-06-07 11:37:47] MENU 'Login' OPCION: Login
[2024-06-07 11:37:52] MENU 'Login' OPCION: Usuario logueado: Samuel
[2024-06-07 11:37:52] MENU 'Alumno' OPCION: Alumno logueado: Samuel
[2024-06-07 11:37:55] MENU 'Incidencias' OPCION: IncidenciasSamuel
[2024-06-07 11:38:20] MENU 'Login' OPCION: Login
[2024-06-07 12:14:50] MENU 'Login' OPCION: Usuario logueado: Samuel
[2024-06-07 12:14:50] MENU 'Alumno' OPCION: Alumno logueado: Samuel
[2024-06-07 12:17:03] MENU 'Login' OPCION: Login
[2024-06-07 12:17:07] MENU 'Login' OPCION: Usuario logueado: Guillamon
[2024-06-07 12:17:07] MENU 'Profesor' OPCION: Profesor logueado: Guillamon
[2024-06-07 12:19:58] MENU 'Login' OPCION: Login
[2024-06-07 12:20:02] MENU 'Login' OPCION: Usuario logueado: Lolo
[2024-06-07 12:20:02] MENU 'Administrador' OPCION: Administrador logueado: Lolo
[2024-06-07 12:52:12] MENU 'Login' OPCION: Login
[2024-06-07 12:52:22] MENU 'Login' OPCION: Usuario logueado: Samuel
[2024-06-07 12:52:22] MENU 'Alumno' OPCION: Alumno logueado: Samuel
[2024-06-07 12:52:24] MENU 'Incidencias' OPCION: IncidenciasSamuel
[2024-06-07 12:54:03] MENU 'Login' OPCION: Login
[2024-06-07 12:54:04] MENU 'Registro' OPCION: Registro
