[2024-06-05 17:38:37] MENU 'Menu Principal' OPCION: Iniciar sesion
[2024-06-05 17:38:41] MENU 'Menu Administradores' OPCION: Menu incidencias
[2024-06-05 17:38:49] MENU 'Menu Incidencias' OPCION: Mostrar incidencias
[2024-06-05 17:39:55] MENU 'Menu Incidencias' OPCION: Mostrar incidencias
[2024-06-05 17:40:30] MENU 'Menu Incidencias' OPCION: Salir del menu
[2024-06-05 17:40:31] MENU 'Menu Administradores' OPCION: Salir del menu
[2024-06-05 17:40:32] MENU 'Menu Principal' OPCION: Salir
[2024-06-05 18:06:46] MENU 'Menu Principal' OPCION: Iniciar sesion
[2024-06-05 18:06:51] MENU 'Menu Administradores' OPCION: Menu incidencias
[2024-06-05 18:06:57] MENU 'Menu Incidencias' OPCION: Mostrar incidencias
[2024-06-05 18:07:33] MENU 'Menu Incidencias' OPCION: Mostrar Usuarios e Incidencias
[2024-06-05 18:11:43] MENU 'Menu Principal' OPCION: Iniciar sesion
[2024-06-05 18:11:47] MENU 'Menu Administradores' OPCION: Menu incidencias
[2024-06-05 18:11:48] MENU 'Menu Incidencias' OPCION: Mostrar Usuarios e Incidencias
[2024-06-05 18:13:21] MENU 'Menu Principal' OPCION: Iniciar sesion
[2024-06-05 18:13:28] MENU 'Menu Administradores' OPCION: Menu incidencias
[2024-06-05 18:13:31] MENU 'Menu Incidencias' OPCION: Mostrar Usuarios e Incidencias
[2024-06-05 18:23:43] MENU 'Menu Principal' OPCION: Iniciar sesion
[2024-06-05 18:23:49] MENU 'Menu Administradores' OPCION: Menu incidencias
[2024-06-05 18:23:51] MENU 'Menu Incidencias' OPCION: Mostrar Usuarios e Incidencias
[2024-06-05 18:24:43] MENU 'Menu Principal' OPCION: Salir
[2024-06-05 18:24:49] MENU 'Menu Principal' OPCION: Iniciar sesion
[2024-06-05 18:24:54] MENU 'Menu Administradores' OPCION: Menu incidencias
[2024-06-05 18:24:57] MENU 'Menu Incidencias' OPCION: Mostrar Usuarios e Incidencias
[2024-06-05 18:26:25] MENU 'Menu Incidencias' OPCION: Mostrar Usuarios e Incidencias
[2024-06-05 18:26:30] MENU 'Menu Incidencias' OPCION: Salir del menu
[2024-06-05 18:26:31] MENU 'Menu Administradores' OPCION: Menu incidencias
[2024-06-05 18:26:33] MENU 'Menu Incidencias' OPCION: Mostrar Usuarios e Incidencias
[2024-06-05 18:26:47] MENU 'Menu Incidencias' OPCION: Mostrar Usuarios e Incidencias
[2024-06-05 19:01:07] MENU 'Menu Principal' OPCION: Iniciar sesion
[2024-06-05 19:01:11] MENU 'Menu Administradores' OPCION: Menu incidencias
[2024-06-05 19:01:13] MENU 'Menu Incidencias' OPCION: Mostrar Usuarios e Incidencias
[2024-06-05 19:08:28] MENU 'Menu Principal' OPCION: Iniciar sesion
[2024-06-05 19:08:33] MENU 'Menu Administradores' OPCION: Menu incidencias
[2024-06-05 19:08:35] MENU 'Menu Incidencias' OPCION: Mostrar Usuarios e Incidencias
[2024-06-05 19:19:10] MENU 'Menu Principal' OPCION: Iniciar sesion
[2024-06-05 19:20:22] MENU 'Menu Administradores' OPCION: Menu incidencias
[2024-06-05 19:20:23] MENU 'Menu Incidencias' OPCION: Mostrar Usuarios e Incidencias
[2024-06-05 19:26:01] MENU 'Menu Incidencias' OPCION: Salir del menu
[2024-06-05 19:26:02] MENU 'Menu Administradores' OPCION: Salir del menu
[2024-06-05 19:26:03] MENU 'Menu Principal' OPCION: Salir
