[2024-05-23 08:21:03] MENU 'Menu Principal' OPCION: Iniciar sesion
[2024-05-23 08:21:08] MENU 'Menu Administradores' OPCION: Menu incidencias
[2024-05-23 08:21:09] MENU 'Menu Incidencias' OPCION: Mostrar incidencias
[2024-05-23 08:30:27] MENU 'Menu Principal' OPCION: Iniciar sesion
[2024-05-23 08:30:31] MENU 'Menu Administradores' OPCION: Menu incidencias
[2024-05-23 08:30:32] MENU 'Menu Incidencias' OPCION: Mostrar incidencias
[2024-05-23 08:32:23] MENU 'Menu Principal' OPCION: Iniciar sesion
[2024-05-23 08:32:27] MENU 'Menu Administradores' OPCION: Menu incidencias
[2024-05-23 08:32:28] MENU 'Menu Incidencias' OPCION: Mostrar incidencias
[2024-05-23 08:35:20] MENU 'Menu Principal' OPCION: Iniciar sesion
[2024-05-23 08:35:25] MENU 'Menu Administradores' OPCION: Menu incidencias
[2024-05-23 08:35:25] MENU 'Menu Incidencias' OPCION: Mostrar incidencias
[2024-05-23 08:40:27] MENU 'Menu Principal' OPCION: Iniciar sesion
[2024-05-23 08:40:32] MENU 'Menu Administradores' OPCION: Menu incidencias
[2024-05-23 08:40:33] MENU 'Menu Incidencias' OPCION: Mostrar incidencias
[2024-05-23 08:42:00] MENU 'Menu Principal' OPCION: Iniciar sesion
[2024-05-23 08:42:05] MENU 'Menu Administradores' OPCION: Menu incidencias
[2024-05-23 08:42:06] MENU 'Menu Incidencias' OPCION: Mostrar incidencias
[2024-05-23 08:48:09] MENU 'Menu Principal' OPCION: Iniciar sesion
[2024-05-23 08:48:12] MENU 'Menu Administradores' OPCION: Menu incidencias
[2024-05-23 08:48:13] MENU 'Menu Incidencias' OPCION: Mostrar incidencias
[2024-05-23 08:50:49] MENU 'Menu Principal' OPCION: Iniciar sesion
[2024-05-23 08:50:54] MENU 'Menu Administradores' OPCION: Menu incidencias
[2024-05-23 08:50:55] MENU 'Menu Incidencias' OPCION: Mostrar incidencias
[2024-05-23 08:53:14] MENU 'Menu Principal' OPCION: Iniciar sesion
[2024-05-23 08:53:18] MENU 'Menu Administradores' OPCION: Menu incidencias
[2024-05-23 08:53:18] MENU 'Menu Incidencias' OPCION: Mostrar incidencias
[2024-05-23 09:03:52] MENU 'Menu Principal' OPCION: Iniciar sesion
[2024-05-23 09:03:57] MENU 'Menu Administradores' OPCION: Menu incidencias
[2024-05-23 09:04:00] MENU 'Menu Incidencias' OPCION: Mostrar incidencias
[2024-05-23 09:31:53] MENU 'Menu Principal' OPCION: Iniciar sesion
[2024-05-23 09:31:57] MENU 'Menu Administradores' OPCION: Menu incidencias
[2024-05-23 09:32:05] MENU 'Menu Principal' OPCION: Iniciar sesion
[2024-05-23 09:32:13] MENU 'Menu Administradores' OPCION: Menu incidencias
[2024-05-23 09:33:47] MENU 'Menu Principal' OPCION: Iniciar sesion
[2024-05-23 09:33:50] MENU 'Menu Administradores' OPCION: Menu incidencias
[2024-05-23 09:35:56] MENU 'Menu Principal' OPCION: Iniciar sesion
[2024-05-23 09:36:00] MENU 'Menu Administradores' OPCION: Menu incidencias
[2024-05-23 09:55:57] MENU 'Menu Principal' OPCION: Iniciar sesion
[2024-05-23 09:56:02] MENU 'Menu Administradores' OPCION: Menu incidencias
[2024-05-23 09:56:03] MENU 'Menu Incidencias' OPCION: Mostrar incidencias
[2024-05-23 10:07:46] MENU 'Menu Principal' OPCION: Iniciar sesion
[2024-05-23 10:07:52] MENU 'Menu Administradores' OPCION: Menu incidencias
[2024-05-23 10:07:54] MENU 'Menu Incidencias' OPCION: Mostrar incidencias
[2024-05-23 10:10:43] MENU 'Menu Principal' OPCION: Iniciar sesion
[2024-05-23 10:11:19] MENU 'Menu Principal' OPCION: Iniciar sesion
[2024-05-23 10:11:29] MENU 'Menu Administradores' OPCION: Menu incidencias
[2024-05-23 10:11:31] MENU 'Menu Incidencias' OPCION: Mostrar incidencias
[2024-05-23 10:16:24] MENU 'Menu Principal' OPCION: Iniciar sesion
[2024-05-23 10:16:34] MENU 'Menu Principal' OPCION: Iniciar sesion
[2024-05-23 10:16:41] MENU 'Menu Alumnos' OPCION: Menu incidencias
[2024-05-23 10:16:43] MENU 'Menu Alumnos' OPCION: Ver incidencias
[2024-05-23 10:23:16] MENU 'Menu Principal' OPCION: Iniciar sesion
[2024-05-23 10:23:22] MENU 'Menu Alumnos' OPCION: Menu incidencias
[2024-05-23 10:23:23] MENU 'Menu Alumnos' OPCION: Ver incidencias
[2024-05-23 16:48:30] MENU 'Menu Principal' OPCION: Iniciar sesion
[2024-05-23 16:48:34] MENU 'Menu Administradores' OPCION: Menu incidencias
[2024-05-23 16:48:35] MENU 'Menu Incidencias' OPCION: Mostrar incidencias
[2024-05-23 16:54:02] MENU 'Menu Principal' OPCION: Iniciar sesion
[2024-05-23 16:54:06] MENU 'Menu Alumnos' OPCION: Menu incidencias
[2024-05-23 16:54:06] MENU 'Menu Alumnos' OPCION: Ver incidencias
[2024-05-23 16:54:10] MENU 'Menu Alumnos' OPCION: Salir del menu
[2024-05-23 16:54:12] MENU 'Menu Alumnos' OPCION: Salir del menu
[2024-05-23 16:54:13] MENU 'Menu Principal' OPCION: Iniciar sesion
[2024-05-23 16:54:24] MENU 'Menu Profesores' OPCION: Menu incidencias
[2024-05-23 16:54:25] MENU 'Menu Incidencias' OPCION: Mostrar incidencias
[2024-05-23 16:54:36] MENU 'Menu Incidencias' OPCION: Salir del menu
[2024-05-23 16:54:46] MENU 'Menu Profesores' OPCION: Salir del menu
[2024-05-23 16:54:47] MENU 'Menu Principal' OPCION: Iniciar sesion
[2024-05-23 16:54:51] MENU 'Menu Alumnos' OPCION: Menu incidencias
[2024-05-23 16:54:52] MENU 'Menu Alumnos' OPCION: Ver incidencias
[2024-05-23 16:54:56] MENU 'Menu Alumnos' OPCION: Crear incidencia
[2024-05-23 16:55:05] MENU 'Menu Incidencias' OPCION: Crear Incidencias de Aplicacion
[2024-05-23 16:55:11] MENU 'Menu Alumnos' OPCION: Ver incidencias
[2024-05-23 16:55:18] MENU 'Menu Alumnos' OPCION: Salir del menu
[2024-05-23 16:55:20] MENU 'Menu Alumnos' OPCION: Menu incidencias
[2024-05-23 16:55:21] MENU 'Menu Alumnos' OPCION: Ver incidencias
[2024-05-23 16:58:13] MENU 'Menu Principal' OPCION: Iniciar sesion
[2024-05-23 16:58:17] MENU 'Menu Administradores' OPCION: Menu incidencias
[2024-05-23 16:58:20] MENU 'Menu Incidencias' OPCION: Mostrar incidencias
[2024-05-23 16:58:46] MENU 'Menu Incidencias' OPCION: Salir del menu
[2024-05-23 16:58:48] MENU 'Menu Administradores' OPCION: Salir del menu
[2024-05-23 16:58:49] MENU 'Menu Principal' OPCION: Salir
[2024-05-23 17:02:36] MENU 'Menu Principal' OPCION: Iniciar sesion
[2024-05-23 17:02:39] MENU 'Menu Alumnos' OPCION: Menu incidencias
[2024-05-23 17:02:40] MENU 'Menu Alumnos' OPCION: Ver incidencias
[2024-05-23 17:02:55] MENU 'Menu Alumnos' OPCION: Crear incidencia
[2024-05-23 17:03:02] MENU 'Menu Incidencias' OPCION: Crear Incidencias de Aplicacion
[2024-05-23 17:03:04] MENU 'Menu Alumnos' OPCION: Salir del menu
[2024-05-23 17:03:06] MENU 'Menu Alumnos' OPCION: Menu incidencias
[2024-05-23 17:03:07] MENU 'Menu Alumnos' OPCION: Ver incidencias
[2024-05-23 17:04:12] MENU 'Menu Alumnos' OPCION: Salir del menu
[2024-05-23 17:04:13] MENU 'Menu Alumnos' OPCION: Salir del menu
[2024-05-23 17:04:14] MENU 'Menu Principal' OPCION: Salir
[2024-05-23 17:09:12] MENU 'Menu Principal' OPCION: Iniciar sesion
[2024-05-23 17:09:22] MENU 'Menu Alumnos' OPCION: Menu incidencias
[2024-05-23 17:09:23] MENU 'Menu Alumnos' OPCION: Ver incidencias
[2024-05-23 17:09:25] MENU 'Menu Alumnos' OPCION: Crear incidencia
[2024-05-23 17:09:33] MENU 'Menu Incidencias' OPCION: Crear Incidencias de Alumno
[2024-05-23 17:09:36] MENU 'Menu Alumnos' OPCION: Salir del menu
[2024-05-23 17:09:37] MENU 'Menu Alumnos' OPCION: Menu incidencias
[2024-05-23 17:09:38] MENU 'Menu Alumnos' OPCION: Ver incidencias
[2024-05-23 17:14:10] MENU 'Menu Principal' OPCION: Iniciar sesion
[2024-05-23 17:14:16] MENU 'Menu Alumnos' OPCION: Menu incidencias
[2024-05-23 17:14:18] MENU 'Menu Alumnos' OPCION: Ver incidencias
[2024-05-23 17:14:25] MENU 'Menu Alumnos' OPCION: Crear incidencia
[2024-05-23 17:14:32] MENU 'Menu Incidencias' OPCION: Crear Incidencias de Alumno
[2024-05-23 17:14:34] MENU 'Menu Alumnos' OPCION: Salir del menu
[2024-05-23 17:14:35] MENU 'Menu Alumnos' OPCION: Menu incidencias
[2024-05-23 17:14:35] MENU 'Menu Alumnos' OPCION: Ver incidencias
[2024-05-23 17:17:38] MENU 'Menu Principal' OPCION: Iniciar sesion
[2024-05-23 17:17:42] MENU 'Menu Alumnos' OPCION: Menu incidencias
[2024-05-23 17:17:43] MENU 'Menu Alumnos' OPCION: Crear incidencia
[2024-05-23 17:17:48] MENU 'Menu Incidencias' OPCION: Crear Incidencias de Alumno
[2024-05-23 17:17:52] MENU 'Menu Alumnos' OPCION: Ver incidencias
[2024-05-23 17:18:01] MENU 'Menu Alumnos' OPCION: Salir del menu
[2024-05-23 17:18:02] MENU 'Menu Alumnos' OPCION: Menu incidencias
[2024-05-23 17:18:03] MENU 'Menu Alumnos' OPCION: Ver incidencias
[2024-05-23 17:44:28] MENU 'Menu Principal' OPCION: Iniciar sesion
[2024-05-23 17:44:32] MENU 'Menu Alumnos' OPCION: Menu incidencias
[2024-05-23 17:44:33] MENU 'Menu Alumnos' OPCION: Ver incidencias
[2024-05-23 17:44:35] MENU 'Menu Alumnos' OPCION: Crear incidencia
[2024-05-23 17:44:41] MENU 'Menu Incidencias' OPCION: Crear Incidencias de Alumno
[2024-05-23 17:44:44] MENU 'Menu Alumnos' OPCION: Salir del menu
[2024-05-23 17:44:45] MENU 'Menu Alumnos' OPCION: Menu incidencias
[2024-05-23 17:44:45] MENU 'Menu Alumnos' OPCION: Ver incidencias
[2024-05-23 17:53:56] MENU 'Menu Principal' OPCION: Iniciar sesion
[2024-05-23 17:53:59] MENU 'Menu Alumnos' OPCION: Menu incidencias
[2024-05-23 17:54:00] MENU 'Menu Alumnos' OPCION: Crear incidencia
[2024-05-23 17:54:07] MENU 'Menu Incidencias' OPCION: Crear Incidencias de Alumno
[2024-05-23 17:54:08] MENU 'Menu Alumnos' OPCION: Salir del menu
[2024-05-23 17:54:09] MENU 'Menu Alumnos' OPCION: Menu incidencias
[2024-05-23 17:54:09] MENU 'Menu Alumnos' OPCION: Ver incidencias
[2024-05-23 18:45:51] MENU 'Menu Principal' OPCION: Iniciar sesion
[2024-05-23 18:45:55] MENU 'Menu Alumnos' OPCION: Menu incidencias
[2024-05-23 18:46:09] MENU 'Menu Principal' OPCION: Iniciar sesion
[2024-05-23 18:46:12] MENU 'Menu Alumnos' OPCION: Menu incidencias
[2024-05-23 18:46:13] MENU 'Menu Alumnos' OPCION: Ver incidencias
[2024-05-23 18:46:20] MENU 'Menu Alumnos' OPCION: Crear incidencia
[2024-05-23 18:46:27] MENU 'Menu Incidencias' OPCION: Crear Incidencias de Alumno
[2024-05-23 18:46:30] MENU 'Menu Alumnos' OPCION: Salir del menu
[2024-05-23 18:46:31] MENU 'Menu Alumnos' OPCION: Menu incidencias
[2024-05-23 18:46:32] MENU 'Menu Alumnos' OPCION: Ver incidencias
