[2024-05-20 19:23:34] MENU 'Menu Principal' OPCION: Gestion de incidencias
[2024-05-20 19:23:37] MENU 'Menu Incidencias' OPCION: Añadir Incidencias
[2024-05-20 19:23:45] MENU 'Menu Incidencias' OPCION: Añadir Incidencias de Alumno
[2024-05-20 19:23:50] MENU 'Menu Incidencias' OPCION: Volver al menú principal
[2024-05-20 19:23:52] MENU 'Menu Incidencias' OPCION: Salió de la aplicación
[2024-05-20 19:23:53] MENU 'Menu Principal' OPCION: Salir
[2024-05-20 19:27:48] MENU 'Menu Principal' OPCION: Gestion de incidencias
[2024-05-20 19:27:49] MENU 'Menu Incidencias' OPCION: Añadir Incidencias
[2024-05-20 19:27:55] MENU 'Menu Incidencias' OPCION: Añadir Incidencias de Alumno
[2024-05-20 19:27:57] MENU 'Menu Incidencias' OPCION: Volver al menú principal
[2024-05-20 19:27:59] MENU 'Menu Incidencias' OPCION: Salió de la aplicación
[2024-05-20 19:28:00] MENU 'Menu Principal' OPCION: Salir
[2024-05-20 19:33:53] MENU 'Menu Principal' OPCION: Gestion de incidencias
[2024-05-20 19:33:55] MENU 'Menu Incidencias' OPCION: Añadir Incidencias
[2024-05-20 19:34:00] MENU 'Menu Incidencias' OPCION: Añadir Incidencias de Alumno
[2024-05-20 19:34:01] MENU 'Menu Incidencias' OPCION: Volver al menú principal
[2024-05-20 19:34:02] MENU 'Menu Incidencias' OPCION: Salió de la aplicación
[2024-05-20 19:34:02] MENU 'Menu Principal' OPCION: Salir
[2024-05-20 19:38:53] MENU 'Menu Principal' OPCION: Gestion de incidencias
[2024-05-20 19:38:53] MENU 'Menu Incidencias' OPCION: Añadir Incidencias
[2024-05-20 19:38:59] MENU 'Menu Incidencias' OPCION: Añadir Incidencias de Alumno
[2024-05-20 19:38:59] MENU 'Menu Incidencias' OPCION: Volver al menú principal
[2024-05-20 19:39:00] MENU 'Menu Incidencias' OPCION: Salió de la aplicación
[2024-05-20 19:39:00] MENU 'Menu Principal' OPCION: Salir
[2024-05-20 19:50:55] MENU 'Menu Principal' OPCION: Gestion de incidencias
[2024-05-20 19:50:56] MENU 'Menu Incidencias' OPCION: Añadir Incidencias
[2024-05-20 19:51:04] MENU 'Menu Incidencias' OPCION: Añadir Incidencias de Alumno
[2024-05-20 19:51:05] MENU 'Menu Incidencias' OPCION: Volver al menú principal
[2024-05-20 19:51:05] MENU 'Menu Incidencias' OPCION: Salió de la aplicación
[2024-05-20 19:51:06] MENU 'Menu Principal' OPCION: Salir
[2024-05-20 19:55:03] MENU 'Menu Principal' OPCION: Gestion de incidencias
[2024-05-20 19:55:04] MENU 'Menu Incidencias' OPCION: Añadir Incidencias
[2024-05-20 19:55:07] MENU 'Menu Incidencias' OPCION: Añadir Incidencias de Alumno
[2024-05-20 19:55:08] MENU 'Menu Incidencias' OPCION: Volver al menú principal
[2024-05-20 19:55:08] MENU 'Menu Incidencias' OPCION: Salió de la aplicación
[2024-05-20 19:55:09] MENU 'Menu Principal' OPCION: Salir
[2024-05-20 19:59:13] MENU 'Menu Principal' OPCION: Gestion de incidencias
[2024-05-20 19:59:17] MENU 'Menu Incidencias' OPCION: Añadir Incidencias
[2024-05-20 19:59:25] MENU 'Menu Incidencias' OPCION: Añadir Incidencias de Alumno
[2024-05-20 19:59:26] MENU 'Menu Incidencias' OPCION: Volver al menú principal
[2024-05-20 19:59:27] MENU 'Menu Incidencias' OPCION: Salió de la aplicación
[2024-05-20 19:59:29] MENU 'Menu Principal' OPCION: Salir
[2024-05-20 20:02:59] MENU 'Menu Principal' OPCION: Gestion de incidencias
[2024-05-20 20:03:18] MENU 'Menu Principal' OPCION: Gestion de incidencias
[2024-05-20 20:03:33] MENU 'Menu Principal' OPCION: Gestion de incidencias
[2024-05-20 20:03:38] MENU 'Menu Incidencias' OPCION: Añadir Incidencias
[2024-05-20 20:03:44] MENU 'Menu Incidencias' OPCION: Añadir Incidencias de Aplicacion
[2024-05-20 20:03:48] MENU 'Menu Incidencias' OPCION: Volver al menú principal
[2024-05-20 20:03:49] MENU 'Menu Incidencias' OPCION: Salió de la aplicación
[2024-05-20 20:03:50] MENU 'Menu Principal' OPCION: Salir
