[2024-05-25 11:59:24] MENU 'Menu Principal' OPCION: Iniciar sesion
[2024-05-25 11:59:30] MENU 'Menu Alumnos' OPCION: Menu incidencias
[2024-05-25 11:59:46] MENU 'Menu Alumnos' OPCION: Crear incidencia
[2024-05-25 11:59:53] MENU 'Menu Incidencias' OPCION: Crear Incidencias de Alumno
[2024-05-25 11:59:54] MENU 'Menu Alumnos' OPCION: Salir del menu
[2024-05-25 11:59:55] MENU 'Menu Alumnos' OPCION: Menu incidencias
[2024-05-25 11:59:57] MENU 'Menu Alumnos' OPCION: Ver incidencias
[2024-05-25 12:19:47] MENU 'Menu Principal' OPCION: Iniciar sesion
[2024-05-25 12:19:50] MENU 'Menu Alumnos' OPCION: Menu incidencias
[2024-05-25 12:19:53] MENU 'Menu Alumnos' OPCION: Crear incidencia
[2024-05-25 12:19:59] MENU 'Menu Incidencias' OPCION: Crear Incidencias de Alumno
[2024-05-25 12:20:02] MENU 'Menu Alumnos' OPCION: Salir del menu
[2024-05-25 12:20:03] MENU 'Menu Alumnos' OPCION: Menu incidencias
[2024-05-25 12:20:04] MENU 'Menu Alumnos' OPCION: Ver incidencias
[2024-05-25 12:21:29] MENU 'Menu Principal' OPCION: Iniciar sesion
[2024-05-25 12:21:33] MENU 'Menu Alumnos' OPCION: Menu incidencias
[2024-05-25 12:21:34] MENU 'Menu Alumnos' OPCION: Ver incidencias
[2024-05-25 12:21:36] MENU 'Menu Alumnos' OPCION: Crear incidencia
[2024-05-25 12:21:44] MENU 'Menu Incidencias' OPCION: Crear Incidencias de Alumno
[2024-05-25 12:21:49] MENU 'Menu Alumnos' OPCION: Salir del menu
[2024-05-25 12:21:49] MENU 'Menu Alumnos' OPCION: Menu incidencias
[2024-05-25 12:21:50] MENU 'Menu Alumnos' OPCION: Ver incidencias
[2024-05-25 12:32:38] MENU 'Menu Principal' OPCION: Iniciar sesion
[2024-05-25 12:32:45] MENU 'Menu Profesores' OPCION: Menu incidencias
[2024-05-25 12:32:47] MENU 'Menu Incidencias' OPCION: Mostrar incidencias
[2024-05-25 12:32:50] MENU 'Menu Incidencias' OPCION: Crear incidencia
[2024-05-25 12:33:00] MENU 'Menu Incidencias' OPCION: Crear Incidencias de Profesor
[2024-05-25 12:33:07] MENU 'Menu Incidencias' OPCION: Salir del menu
[2024-05-25 12:33:08] MENU 'Menu Profesores' OPCION: Salir del menu
[2024-05-25 12:33:09] MENU 'Menu Principal' OPCION: Salir
[2024-05-25 13:02:47] MENU 'Menu Principal' OPCION: Iniciar sesion
[2024-05-25 13:02:53] MENU 'Menu Alumnos' OPCION: Menu incidencias
[2024-05-25 13:02:54] MENU 'Menu Alumnos' OPCION: Ver incidencias
[2024-05-25 13:02:57] MENU 'Menu Alumnos' OPCION: Crear incidencia
[2024-05-25 13:03:06] MENU 'Menu Incidencias' OPCION: Crear Incidencias de Aplicacion
[2024-05-25 16:37:56] MENU 'Menu Principal' OPCION: Iniciar sesion
[2024-05-25 16:38:15] MENU 'Menu Administradores' OPCION: Menu incidencias
[2024-05-25 16:38:31] MENU 'Menu Incidencias' OPCION: Mostrar incidencias
[2024-05-25 16:39:17] MENU 'Menu Principal' OPCION: Iniciar sesion
[2024-05-25 16:39:22] MENU 'Menu Administradores' OPCION: Menu incidencias
[2024-05-25 16:39:23] MENU 'Menu Incidencias' OPCION: Borrar incidencia
[2024-05-25 16:41:26] MENU 'Menu Principal' OPCION: Iniciar sesion
[2024-05-25 16:41:31] MENU 'Menu Administradores' OPCION: Menu incidencias
[2024-05-25 16:41:34] MENU 'Menu Incidencias' OPCION: Mostrar incidencias
[2024-05-25 16:41:37] MENU 'Menu Incidencias' OPCION: Borrar incidencia
[2024-05-25 17:06:30] MENU 'Menu Principal' OPCION: Iniciar sesion
[2024-05-25 17:06:34] MENU 'Menu Administradores' OPCION: Menu incidencias
[2024-05-25 17:06:35] MENU 'Menu Incidencias' OPCION: Borrar incidencia
[2024-05-25 17:06:56] MENU 'Menu Principal' OPCION: Iniciar sesion
[2024-05-25 17:07:00] MENU 'Menu Administradores' OPCION: Menu incidencias
[2024-05-25 17:07:01] MENU 'Menu Incidencias' OPCION: Borrar incidencia
[2024-05-25 17:07:53] MENU 'Menu Principal' OPCION: Iniciar sesion
[2024-05-25 17:07:57] MENU 'Menu Administradores' OPCION: Menu incidencias
[2024-05-25 17:07:58] MENU 'Menu Incidencias' OPCION: Borrar incidencia
[2024-05-25 17:08:43] MENU 'Menu Principal' OPCION: Iniciar sesion
[2024-05-25 17:08:46] MENU 'Menu Administradores' OPCION: Menu incidencias
[2024-05-25 17:08:47] MENU 'Menu Incidencias' OPCION: Borrar incidencia
[2024-05-25 17:11:15] MENU 'Menu Principal' OPCION: Iniciar sesion
[2024-05-25 17:11:19] MENU 'Menu Administradores' OPCION: Menu incidencias
[2024-05-25 17:11:20] MENU 'Menu Incidencias' OPCION: Borrar incidencia
[2024-05-25 17:18:40] MENU 'Menu Principal' OPCION: Iniciar sesion
[2024-05-25 17:18:44] MENU 'Menu Alumnos' OPCION: Menu incidencias
[2024-05-25 17:18:45] MENU 'Menu Alumnos' OPCION: Ver incidencias
[2024-05-25 17:19:14] MENU 'Menu Principal' OPCION: Iniciar sesion
[2024-05-25 17:30:51] MENU 'Menu Principal' OPCION: Iniciar sesion
[2024-05-25 17:30:56] MENU 'Menu Alumnos' OPCION: Menu incidencias
[2024-05-25 17:30:58] MENU 'Menu Alumnos' OPCION: Ver incidencias
[2024-05-25 17:31:08] MENU 'Menu Alumnos' OPCION: Crear incidencia
[2024-05-25 17:31:16] MENU 'Menu Incidencias' OPCION: Crear Incidencias de Alumno
[2024-05-25 17:31:34] MENU 'Menu Alumnos' OPCION: Salir del menu
[2024-05-25 17:31:35] MENU 'Menu Alumnos' OPCION: Salir del menu
[2024-05-25 17:31:36] MENU 'Menu Principal' OPCION: Salir
[2024-05-25 17:34:06] MENU 'Menu Principal' OPCION: Iniciar sesion
[2024-05-25 17:34:12] MENU 'Menu Alumnos' OPCION: Menu incidencias
[2024-05-25 17:34:13] MENU 'Menu Alumnos' OPCION: Crear incidencia
[2024-05-25 17:34:22] MENU 'Menu Incidencias' OPCION: Crear Incidencias de Alumno
[2024-05-25 17:34:37] MENU 'Menu Alumnos' OPCION: Salir del menu
[2024-05-25 17:36:59] MENU 'Menu Principal' OPCION: Iniciar sesion
[2024-05-25 17:37:04] MENU 'Menu Alumnos' OPCION: Menu incidencias
[2024-05-25 17:37:06] MENU 'Menu Alumnos' OPCION: Crear incidencia
[2024-05-25 17:37:11] MENU 'Menu Incidencias' OPCION: Crear Incidencias de Alumno
[2024-05-25 17:46:06] MENU 'Menu Principal' OPCION: Iniciar sesion
[2024-05-25 17:46:09] MENU 'Menu Alumnos' OPCION: Menu incidencias
[2024-05-25 17:46:11] MENU 'Menu Alumnos' OPCION: Crear incidencia
[2024-05-25 17:46:14] MENU 'Menu Incidencias' OPCION: Crear Incidencias de Alumno
[2024-05-25 17:59:05] MENU 'Menu Principal' OPCION: Iniciar sesion
[2024-05-25 17:59:10] MENU 'Menu Administradores' OPCION: Menu incidencias
[2024-05-25 17:59:11] MENU 'Menu Incidencias' OPCION: Salir del menu
[2024-05-25 17:59:19] MENU 'Menu Administradores' OPCION: Menu incidencias
[2024-05-25 17:59:22] MENU 'Menu Incidencias' OPCION: Salir del menu
[2024-05-25 18:06:59] MENU 'Menu Principal' OPCION: Iniciar sesion
[2024-05-25 18:07:02] MENU 'Menu Administradores' OPCION: Menu incidencias
[2024-05-25 18:07:03] MENU 'Menu Incidencias' OPCION: Borrar incidencia
[2024-05-25 18:07:41] MENU 'Menu Incidencias' OPCION: Borrar incidencia
[2024-05-25 18:11:13] MENU 'Menu Principal' OPCION: Iniciar sesion
[2024-05-25 18:11:25] MENU 'Menu Alumnos' OPCION: Salir del menu
[2024-05-25 18:11:26] MENU 'Menu Principal' OPCION: Iniciar sesion
[2024-05-25 18:11:29] MENU 'Menu Administradores' OPCION: Menu incidencias
[2024-05-25 18:11:30] MENU 'Menu Incidencias' OPCION: Borrar incidencia
[2024-05-25 18:11:49] MENU 'Menu Incidencias' OPCION: Borrar incidencia
[2024-05-25 18:12:23] MENU 'Menu Principal' OPCION: Iniciar sesion
[2024-05-25 18:12:26] MENU 'Menu Administradores' OPCION: Menu incidencias
[2024-05-25 18:12:27] MENU 'Menu Incidencias' OPCION: Borrar incidencia
[2024-05-25 18:15:36] MENU 'Menu Principal' OPCION: Iniciar sesion
[2024-05-25 18:15:40] MENU 'Menu Administradores' OPCION: Menu incidencias
[2024-05-25 18:15:40] MENU 'Menu Incidencias' OPCION: Borrar incidencia
[2024-05-25 18:17:09] MENU 'Menu Principal' OPCION: Iniciar sesion
[2024-05-25 18:17:12] MENU 'Menu Administradores' OPCION: Menu incidencias
[2024-05-25 18:17:13] MENU 'Menu Incidencias' OPCION: Borrar incidencia
[2024-05-25 18:17:18] MENU 'Menu Incidencias' OPCION: Borrar incidencia
[2024-05-25 18:17:22] MENU 'Menu Incidencias' OPCION: Borrar incidencia
