[2024-05-21 08:37:29] MENU 'Menu Principal' OPCION: Iniciar sesion
[2024-05-21 08:37:36] MENU 'Menu Principal' OPCION: Salir
[2024-05-21 08:39:18] MENU 'Menu Principal' OPCION: Iniciar sesion
[2024-05-21 08:39:22] MENU 'Menu Principal' OPCION: Iniciar sesion
[2024-05-21 08:39:29] MENU 'Menu Alumnos' OPCION: Menu incidencias
[2024-05-21 08:39:32] MENU 'Menu Alumnos' OPCION: Ver incidencias
[2024-05-21 08:39:35] MENU 'Menu Alumnos' OPCION: Crear incidencia
[2024-05-21 08:39:42] MENU 'Menu Incidencias' OPCION: Crear Incidencias de Alumno
[2024-05-21 08:39:49] MENU 'Menu Alumnos' OPCION: Salir del menu
[2024-05-21 08:39:51] MENU 'Menu Alumnos' OPCION: Salir del menu
[2024-05-21 08:39:52] MENU 'Menu Principal' OPCION: Salir
[2024-05-21 12:27:47] MENU 'Menu Principal' OPCION: Iniciar sesion
[2024-05-21 12:27:53] MENU 'Menu Alumnos' OPCION: Menu incidencias
[2024-05-21 12:27:54] MENU 'Menu Alumnos' OPCION: Ver incidencias
[2024-05-21 12:27:57] MENU 'Menu Alumnos' OPCION: Ver incidencias
[2024-05-21 12:27:59] MENU 'Menu Alumnos' OPCION: Crear incidencia
[2024-05-21 12:28:03] MENU 'Menu Incidencias' OPCION: Crear Incidencias de Alumno
[2024-05-21 12:28:06] MENU 'Menu Alumnos' OPCION: Ver incidencias
[2024-05-21 12:28:12] MENU 'Menu Alumnos' OPCION: Crear incidencia
[2024-05-21 12:28:13] MENU 'Menu Incidencias' OPCION: Crear Incidencias de Alumno
[2024-05-21 12:28:14] MENU 'Menu Alumnos' OPCION: Ver incidencias
[2024-05-21 13:40:36] MENU 'Menu Principal' OPCION: Iniciar sesion
[2024-05-21 13:40:41] MENU 'Menu Principal' OPCION: Iniciar sesion
[2024-05-21 13:40:45] MENU 'Menu Alumnos' OPCION: Menu incidencias
[2024-05-21 13:40:46] MENU 'Menu Alumnos' OPCION: Ver incidencias
[2024-05-21 13:40:51] MENU 'Menu Alumnos' OPCION: Crear incidencia
[2024-05-21 13:40:55] MENU 'Menu Incidencias' OPCION: Crear Incidencias de Alumno
[2024-05-21 13:40:58] MENU 'Menu Alumnos' OPCION: Ver incidencias
[2024-05-21 13:41:03] MENU 'Menu Alumnos' OPCION: Ver incidencias
